<?xml version="1.0" encoding="UTF-8"?>
<!-- Generated by org.testng.reporters.JUnitReportReporter -->
<testsuite hostname="DESKTOP-M1I0694" failures="0" tests="1" name="Test.SeleniumFramework1" time="2.066" errors="0" timestamp="2023-09-02T17:48:47 IST" skipped="0">
  <testcase classname="Test.SeleniumFramework1" name="googleSearch" time="2.066"/>
</testsuite> <!-- Test.SeleniumFramework1 -->
