<?xml version="1.0" encoding="UTF-8"?>
<!-- Generated by org.testng.reporters.JUnitReportReporter -->
<testsuite hostname="DESKTOP-M1I0694" failures="0" tests="3" name="listeners.TestNGListenersDemo2" time="0.031" errors="0" timestamp="2023-09-07T13:17:16 IST" skipped="0">
  <testcase classname="listeners.TestNGListenersDemo2" name="Test5" time="0.004"/>
  <testcase classname="listeners.TestNGListenersDemo2" name="Test4" time="0.024"/>
  <testcase classname="listeners.TestNGListenersDemo2" name="Test6" time="0.003"/>
</testsuite> <!-- listeners.TestNGListenersDemo2 -->
