<?xml version="1.0" encoding="UTF-8"?>
<!-- Generated by org.testng.reporters.JUnitReportReporter -->
<testsuite hostname="DESKTOP-M1I0694" failures="0" tests="1" name="Test.ExtentReportTestNGDemo" time="3.963" errors="0" timestamp="2023-09-01T15:07:30 IST" skipped="0">
  <testcase classname="Test.ExtentReportTestNGDemo" name="test1" time="3.963"/>
</testsuite> <!-- Test.ExtentReportTestNGDemo -->
