<?xml version="1.0" encoding="UTF-8"?>
<!-- Generated by org.testng.reporters.JUnitReportReporter -->
<testsuite hostname="DESKTOP-M1I0694" failures="0" tests="1" name="demo.AutoIt" time="10.198" errors="0" timestamp="2023-09-07T15:09:45 IST" skipped="0">
  <testcase classname="demo.AutoIt" name="test" time="10.198"/>
</testsuite> <!-- demo.AutoIt -->
