<?xml version="1.0" encoding="UTF-8"?>
<!-- Generated by org.testng.reporters.JUnitReportReporter -->
<testsuite hostname="DESKTOP-M1I0694" failures="0" tests="1" name="Test.SeleniumFramework2" time="5.121" errors="0" timestamp="2023-08-30T17:52:34 IST" skipped="0">
  <testcase classname="Test.SeleniumFramework2" name="googleSearch2" time="5.121"/>
</testsuite> <!-- Test.SeleniumFramework2 -->
