<?xml version="1.0" encoding="UTF-8"?>
<!-- Generated by org.testng.reporters.JUnitReportReporter -->
<testsuite hostname="DESKTOP-M1I0694" failures="0" tests="3" name="demo.TestNGGroups" time="0.032" errors="0" timestamp="2023-09-05T18:52:54 IST" skipped="0">
  <testcase classname="demo.TestNGGroups" name="Test4" time="0.004"/>
  <testcase classname="demo.TestNGGroups" name="Test1" time="0.025"/>
  <testcase classname="demo.TestNGGroups" name="Test2" time="0.003"/>
</testsuite> <!-- demo.TestNGGroups -->
